<?xml version="1.0" encoding="UTF-8"?>
<testsuite xmlns:xsi="http://www.w3.org/2001/XMLSchema-instance" xsi:noNamespaceSchemaLocation="https://maven.apache.org/surefire/maven-surefire-plugin/xsd/surefire-test-report.xsd" name="Structure.FileSystemStructure.DataInfoTest" time="0.015" tests="9" errors="0" skipped="0" failures="0">
  <properties>
[...]
</properties>
  <testcase name="addSize" classname="Structure.FileSystemStructure.DataInfoTest" time="0"/>
  <testcase name="setNameFile" classname="Structure.FileSystemStructure.DataInfoTest" time="0"/>
  <testcase name="getNameFile" classname="Structure.FileSystemStructure.DataInfoTest" time="0"/>
  <testcase name="getDate" classname="Structure.FileSystemStructure.DataInfoTest" time="0"/>
  <testcase name="getSize" classname="Structure.FileSystemStructure.DataInfoTest" time="0"/>
  <testcase name="setTypeNote" classname="Structure.FileSystemStructure.DataInfoTest" time="0"/>
  <testcase name="getTypeNote" classname="Structure.FileSystemStructure.DataInfoTest" time="0"/>
  <testcase name="setDate" classname="Structure.FileSystemStructure.DataInfoTest" time="0.015"/>
  <testcase name="setSize" classname="Structure.FileSystemStructure.DataInfoTest" time="0"/>
</testsuite>